[2010-09-18 13:56:54] make installNo definition for iseq_inspect
No definition for rb_iseq_disasm
No definition for rb_iseq_disasm
No definition for iseq_to_a
No definition for iseq_eval
No definition for iseq_s_load
No definition for iseq_s_compile
No definition for iseq_s_compile
No definition for iseq_s_compile_file
No definition for iseq_s_compile_option_get
No definition for iseq_s_compile_option_set
No definition for iseq_s_disasm
No definition for iseq_s_disasm
No definition for rb_f_require_relative
No definition for rb_obj_hash
No definition for rb_obj_methods
No definition for rb_obj_protected_methods
No definition for rb_obj_private_methods
No definition for rb_obj_public_methods
No definition for rb_mod_attr
No definition for rb_struct_init_copy
No definition for range_initialize_copy
lib/irb/inspector.rb:36:36: Couldn't find INSPECTORS. Assuming it's a module
No definition for BigDecimal_add2
No definition for BigDecimal_sub2
No definition for BigDecimal_mult2
No definition for BigDecimal_div2
No definition for BigDecimal_hash
No definition for BigDecimal_uplus
No definition for BigDecimal_neg
No definition for BigDecimal_dup
No definition for BigDecimal_dump
No definition for BigDecimal_global_new
No definition for fgdbm_setopt
No definition for ossl_asn1_traverse
No definition for ossl_asn1_decode
No definition for ossl_asn1_decode_all
No definition for ossl_asn1data_initialize
No definition for ossl_asn1data_to_der
No definition for ossl_asn1_initialize
No definition for ossl_asn1prim_to_der
No definition for ossl_asn1_initialize
No definition for ossl_asn1cons_to_der
No definition for ossl_asn1cons_each
No definition for ossl_bn_copy
No definition for ossl_bn_num_bytes
No definition for ossl_bn_num_bits
No definition for ossl_bn_add
No definition for ossl_bn_sub
No definition for ossl_bn_mul
No definition for ossl_bn_sqr
No definition for ossl_bn_mod
No definition for ossl_bn_mod_add
No definition for ossl_bn_mod_sub
No definition for ossl_bn_mod_mul
No definition for ossl_bn_mod_sqr
No definition for ossl_bn_exp
No definition for ossl_bn_mod_exp
No definition for ossl_bn_gcd
No definition for ossl_bn_cmp
No definition for ossl_bn_ucmp
No definition for ossl_bn_eql
No definition for ossl_bn_is_zero
No definition for ossl_bn_is_one
No definition for ossl_bn_is_odd
No definition for ossl_bn_s_rand
No definition for ossl_bn_s_pseudo_rand
No definition for ossl_bn_s_rand_range
No definition for ossl_bn_s_pseudo_rand_range
No definition for ossl_bn_set_bit
No definition for ossl_bn_clear_bit
No definition for ossl_bn_mask_bits
No definition for ossl_bn_lshift
No definition for ossl_bn_rshift
No definition for ossl_bn_self_lshift
No definition for ossl_bn_self_rshift
No definition for ossl_bn_to_bn
No definition for ossl_bn_coerce
No definition for ossl_bn_mod_inverse
No definition for ossl_config_s_parse
No definition for ossl_config_initialize
No definition for ossl_config_get_value
No definition for ossl_config_get_value_old
No definition for rb_f_notimplement
No definition for ossl_config_add_value_m
No definition for ossl_config_get_section_old
No definition for ossl_config_set_section
No definition for ossl_config_get_sections
No definition for ossl_config_to_s
No definition for ossl_config_each
No definition for ossl_config_inspect
Enclosing class/module 'cDigest' for class DigestError not known
No definition for ossl_engine_s_load
No definition for ossl_engine_s_cleanup
No definition for ossl_engine_s_engines
No definition for ossl_engine_s_by_id
No definition for ossl_engine_get_id
No definition for ossl_engine_get_name
No definition for ossl_engine_finish
No definition for rb_f_notimplement
No definition for ossl_engine_get_cipher
No definition for rb_f_notimplement
No definition for ossl_engine_get_digest
No definition for ossl_engine_load_privkey
No definition for ossl_engine_load_pubkey
No definition for ossl_engine_set_default
No definition for ossl_engine_ctrl_cmd
No definition for ossl_engine_get_cmds
No definition for ossl_engine_inspect
No definition for ossl_spki_initialize
No definition for ossl_spki_to_der
No definition for ossl_spki_to_pem
No definition for ossl_spki_print
No definition for ossl_spki_get_public_key
No definition for ossl_spki_set_public_key
No definition for ossl_spki_sign
No definition for ossl_spki_get_challenge
No definition for ossl_spki_set_challenge
No definition for ossl_ocspreq_initialize
No definition for ossl_ocspreq_add_nonce
No definition for ossl_ocspreq_add_certid
No definition for ossl_ocspreq_get_certid
No definition for ossl_ocspreq_sign
No definition for ossl_ocspreq_verify
No definition for ossl_ocspreq_to_der
No definition for ossl_ocspres_initialize
No definition for ossl_ocspres_status
No definition for ossl_ocspres_status_string
No definition for ossl_ocspres_get_basic
No definition for ossl_ocspres_to_der
No definition for ossl_ocspbres_initialize
No definition for ossl_ocspbres_copy_nonce
No definition for ossl_ocspbres_add_nonce
No definition for ossl_ocspbres_add_status
No definition for ossl_ocspbres_get_status
No definition for ossl_ocspbres_sign
No definition for ossl_ocspbres_verify
No definition for ossl_ocspcid_initialize
No definition for ossl_ocspcid_cmp
No definition for ossl_ocspcid_cmp_issuer
No definition for ossl_ocspcid_get_serial
No definition for ossl_pkcs7_set_detached
No definition for ossl_pkcs7_get_detached
No definition for ossl_pkcs7_detached_p
No definition for ossl_pkcs7_set_cipher
No definition for ossl_pkcs7_add_signer
No definition for ossl_pkcs7_get_signer
No definition for ossl_pkcs7_add_recipient
No definition for ossl_pkcs7_get_recipient
No definition for ossl_pkcs7_add_certificate
No definition for ossl_pkcs7_set_certificates
No definition for ossl_pkcs7_get_certificates
No definition for ossl_pkcs7_add_crl
No definition for ossl_pkcs7_set_crls
No definition for ossl_pkcs7_get_crls
No definition for ossl_pkcs7_add_data
No definition for ossl_pkcs7_verify
No definition for ossl_pkcs7_decrypt
No definition for ossl_pkcs7_to_pem
No definition for ossl_pkcs7_to_der
No definition for ossl_pkcs7si_initialize
No definition for ossl_pkcs7si_get_issuer
No definition for ossl_pkcs7si_get_serial
No definition for ossl_pkcs7si_get_signed_time
No definition for ossl_pkcs7ri_initialize
No definition for ossl_pkcs7ri_get_issuer
No definition for ossl_pkcs7ri_get_serial
No definition for ossl_pkcs7ri_get_enc_key
No definition for ossl_pkcs12_to_der
No definition for ossl_pkey_initialize
No definition for ossl_pkey_sign
No definition for ossl_pkey_verify
No definition for ossl_ec_group_set_curve_name
No definition for ossl_rsa_blinding_on
No definition for ossl_rsa_blinding_off
No definition for ossl_sslctx_set_ssl_version
No definition for ossl_ssl_get_verify_result
No definition for ossl_ssl_session_set_time
No definition for ossl_ssl_session_set_timeout
No definition for ossl_x509_inspect
No definition for ossl_x509crl_initialize
No definition for ossl_x509crl_get_version
No definition for ossl_x509crl_set_version
No definition for ossl_x509crl_get_signature_algorithm
No definition for ossl_x509crl_get_issuer
No definition for ossl_x509crl_set_issuer
No definition for ossl_x509crl_get_last_update
No definition for ossl_x509crl_set_last_update
No definition for ossl_x509crl_get_next_update
No definition for ossl_x509crl_set_next_update
No definition for ossl_x509crl_get_revoked
No definition for ossl_x509crl_set_revoked
No definition for ossl_x509crl_add_revoked
No definition for ossl_x509crl_sign
No definition for ossl_x509crl_verify
No definition for ossl_x509crl_to_der
No definition for ossl_x509crl_to_pem
No definition for ossl_x509crl_to_text
No definition for ossl_x509crl_add_extension
No definition for ossl_x509extfactory_initialize
No definition for ossl_x509extfactory_set_issuer_cert
No definition for ossl_x509extfactory_set_subject_cert
No definition for ossl_x509extfactory_set_subject_req
No definition for ossl_x509extfactory_set_crl
No definition for ossl_x509extfactory_set_config
No definition for ossl_x509ext_initialize
No definition for ossl_x509ext_set_oid
No definition for ossl_x509ext_set_value
No definition for ossl_x509ext_set_critical
No definition for ossl_x509ext_get_oid
No definition for ossl_x509ext_get_value
No definition for ossl_x509ext_get_critical
No definition for ossl_x509ext_to_der
No definition for ossl_x509name_cmp
No definition for ossl_x509name_eql
No definition for ossl_x509req_initialize
No definition for ossl_x509req_to_pem
No definition for ossl_x509req_to_der
No definition for ossl_x509req_to_text
No definition for ossl_x509req_get_version
No definition for ossl_x509req_set_version
No definition for ossl_x509req_get_subject
No definition for ossl_x509req_set_subject
No definition for ossl_x509req_get_signature_algorithm
No definition for ossl_x509req_get_public_key
No definition for ossl_x509req_set_public_key
No definition for ossl_x509req_sign
No definition for ossl_x509req_get_attributes
No definition for ossl_x509req_set_attributes
No definition for ossl_x509req_add_attribute
No definition for ossl_x509revoked_initialize
No definition for ossl_x509revoked_get_serial
No definition for ossl_x509revoked_set_serial
No definition for ossl_x509revoked_get_time
No definition for ossl_x509revoked_set_time
No definition for ossl_x509revoked_add_extension
No definition for ossl_x509store_set_flags
No definition for ossl_x509store_set_purpose
No definition for ossl_x509store_set_trust
No definition for ossl_x509store_set_time
No definition for ossl_x509store_add_path
No definition for ossl_x509store_add_file
No definition for ossl_x509store_set_default_paths
No definition for ossl_x509store_add_cert
No definition for ossl_x509store_add_crl
No definition for ossl_x509store_verify
No definition for echild_status
No definition for socks_init
No definition for socks_s_close
No definition for rb_io_addstr
No definition for rb_io_print
No definition for rb_io_printf
No definition for rb_io_puts

Generating RI...
