[2010-09-18 13:56:54] make install./miniruby -I./lib -I.ext/common -I./- -r./ext/purelib.rb  ./tool/generic_erb.rb -c -o encdb.h ./template/encdb.h.tmpl ./enc enc
encdb.h unchanged
make -f enc.mk RUBY="./miniruby -I./lib -I.ext/common -I./- -r./ext/purelib.rb " MINIRUBY="./miniruby -I./lib -I.ext/common -I./- -r./ext/purelib.rb "  srcs
make[1]: Nothing to be done for `srcs'.
./miniruby -I./lib -I.ext/common -I./- -r./ext/purelib.rb  ./tool/generic_erb.rb -c -o transdb.h ./template/transdb.h.tmpl ./enc/trans enc/trans
transdb.h unchanged
make -f enc.mk RUBY="./miniruby -I./lib -I.ext/common -I./- -r./ext/purelib.rb " MINIRUBY="./miniruby -I./lib -I.ext/common -I./- -r./ext/purelib.rb "  encs
mkdir -p .ext/x86_64-darwin10.4.0/enc .ext/x86_64-darwin10.4.0/enc/trans enc enc/trans
compiling -test-/bug-3662
make[1]: Nothing to be done for `all'.
compiling bigdecimal
make[1]: Nothing to be done for `all'.
compiling continuation
make[1]: Nothing to be done for `all'.
compiling coverage
make[1]: Nothing to be done for `all'.
compiling curses
make[1]: Nothing to be done for `all'.
compiling dbm
make[1]: Nothing to be done for `all'.
compiling digest
make[1]: Nothing to be done for `all'.
compiling digest/bubblebabble
make[1]: Nothing to be done for `all'.
compiling digest/md5
make[1]: Nothing to be done for `all'.
compiling digest/rmd160
make[1]: Nothing to be done for `all'.
compiling digest/sha1
make[1]: Nothing to be done for `all'.
compiling digest/sha2
make[1]: Nothing to be done for `all'.
compiling dl
make[1]: Nothing to be done for `all'.
compiling dl/callback
make[1]: Nothing to be done for `all'.
compiling dl/win32
make[1]: Nothing to be done for `all'.
compiling etc
make[1]: Nothing to be done for `all'.
compiling fcntl
make[1]: Nothing to be done for `all'.
compiling fiber
make[1]: Nothing to be done for `all'.
compiling fiddle
make[1]: Nothing to be done for `all'.
compiling gdbm
make[1]: Nothing to be done for `all'.
compiling iconv
make[1]: Nothing to be done for `all'.
compiling io/nonblock
make[1]: Nothing to be done for `all'.
compiling io/wait
make[1]: Nothing to be done for `all'.
compiling json
make[1]: Nothing to be done for `all'.
compiling json/generator
make[1]: Nothing to be done for `all'.
compiling json/parser
make[1]: Nothing to be done for `all'.
compiling mathn/complex
make[1]: Nothing to be done for `all'.
compiling mathn/rational
make[1]: Nothing to be done for `all'.
compiling nkf
make[1]: Nothing to be done for `all'.
compiling objspace
make[1]: Nothing to be done for `all'.
compiling openssl
make[1]: Nothing to be done for `all'.
compiling psych
make[1]: Nothing to be done for `all'.
compiling pty
make[1]: Nothing to be done for `all'.
compiling racc/cparse
make[1]: Nothing to be done for `all'.
compiling readline
make[1]: Nothing to be done for `all'.
compiling ripper
../../miniruby -I'../..' -I'../.././lib' -I'../../.ext/x86_64-darwin10.4.0' -I'../../.ext/common' -I./- -I'../.././ext' -rpurelib.rb ../.././ext/ripper/tools/generate.rb --mode=check --ids1src=../.././parse.y --ids2src=../.././ext/ripper/eventids2.c
compiling sdbm
make[1]: Nothing to be done for `all'.
compiling socket
make[1]: Nothing to be done for `all'.
compiling stringio
make[1]: Nothing to be done for `all'.
compiling strscan
make[1]: Nothing to be done for `all'.
compiling syck
make[1]: Nothing to be done for `all'.
compiling syslog
make[1]: Nothing to be done for `all'.
compiling tk
make[1]: Nothing to be done for `all'.
compiling tk/tkutil
make[1]: Nothing to be done for `all'.
compiling win32ole
make[1]: Nothing to be done for `all'.
compiling zlib
make[1]: Nothing to be done for `all'.
making ruby
make[1]: `ruby' is up to date.
Generating RDoc documentation
./miniruby -I./lib -I.ext/common -I./- -r./ext/purelib.rb  ./tool/runruby.rb --extout=.ext  -- "./bin/rdoc" --no-force-update --all --ri --op ".ext/rdoc"  "."
Parsing sources...
  0% [ 1/515]   array.c
  0% [ 2/515]   bignum.c
  0% [ 3/515]   class.c
  0% [ 4/515]   compar.c
  0% [ 5/515]   compile.c
  1% [ 6/515]   complex.c
  1% [ 7/515]   cont.c
  1% [ 8/515]   debug.c
  1% [ 9/515]   dir.c
  1% [10/515]   dln.c
  2% [11/515]   dln_find.c
  2% [12/515]   dmydln.c
  2% [13/515]   dmyencoding.c
  2% [14/515]   dmyext.c
  2% [15/515]   dmyversion.c
  3% [16/515]   encoding.c
  3% [17/515]   enum.c
  3% [18/515]   enumerator.c
  3% [19/515]   error.c
  3% [20/515]   eval.c
  4% [21/515]   eval_error.c
  4% [22/515]   eval_jump.c
  4% [23/515]   file.c
  4% [24/515]   gc.c
  4% [25/515]   golf_prelude.c
  5% [26/515]   goruby.c
  5% [27/515]   hash.c
  5% [28/515]   id.c
  5% [29/515]   inits.c
  5% [30/515]   io.c
  6% [31/515]   iseq.c
  6% [32/515]   lex.c
  6% [33/515]   load.c
  6% [34/515]   main.c
  6% [35/515]   marshal.c
  6% [36/515]   math.c
  7% [37/515]   miniprelude.c
  7% [38/515]   newline.c
  7% [39/515]   node.c
  7% [40/515]   numeric.c
  7% [41/515]   object.c
  8% [42/515]   pack.c
  8% [43/515]   parse.c
  8% [44/515]   prelude.c
  8% [45/515]   proc.c
  8% [46/515]   process.c
  9% [47/515]   random.c
  9% [48/515]   range.c
  9% [49/515]   rational.c
  9% [50/515]   re.c
  9% [51/515]   regcomp.c
 10% [52/515]   regenc.c
 10% [53/515]   regerror.c
 10% [54/515]   regexec.c
 10% [55/515]   regparse.c
 10% [56/515]   regsyntax.c
 11% [57/515]   ruby.c
 11% [58/515]   safe.c
 11% [59/515]   signal.c
 11% [60/515]   sprintf.c
 11% [61/515]   st.c
 12% [62/515]   strftime.c
 12% [63/515]   string.c
 12% [64/515]   struct.c
 12% [65/515]   thread.c
 12% [66/515]   thread_pthread.c
 13% [67/515]   thread_win32.c
 13% [68/515]   time.c
 13% [69/515]   transcode.c
 13% [70/515]   util.c
 13% [71/515]   variable.c
 13% [72/515]   version.c
 14% [73/515]   vm.c
 14% [74/515]   vm_dump.c
 14% [75/515]   vm_eval.c
 14% [76/515]   vm_exec.c
 14% [77/515]   vm_insnhelper.c
 15% [78/515]   vm_method.c
 15% [79/515]   vsnprintf.c
 15% [80/515]   prelude.rb
 15% [81/515]   lib/English.rb
 15% [82/515]   lib/README
 16% [83/515]   lib/abbrev.rb
 16% [84/515]   lib/base64.rb
 16% [85/515]   lib/benchmark.rb
 16% [86/515]   lib/cgi/session.rb
 16% [87/515]   lib/cgi.rb
 17% [88/515]   lib/complex.rb
 17% [89/515]   lib/csv.rb
 17% [90/515]   lib/date/delta/parser.rb
 17% [91/515]   lib/date/delta.rb
 17% [92/515]   lib/date/format.rb
 18% [93/515]   lib/date.rb
 18% [94/515]   lib/debug.rb
 18% [95/515]   lib/delegate.rb
 18% [96/515]   lib/drb/acl.rb
 18% [97/515]   lib/drb/drb.rb
 19% [98/515]   lib/drb/eq.rb
 19% [99/515]   lib/drb/extserv.rb
 19% [100/515]   lib/drb/extservm.rb
 19% [101/515]   lib/drb/gw.rb
 19% [102/515]   lib/drb/invokemethod.rb
 20% [103/515]   lib/drb/observer.rb
 20% [104/515]   lib/drb/ssl.rb
 20% [105/515]   lib/drb/timeridconv.rb
 20% [106/515]   lib/drb/unix.rb
 20% [107/515]   lib/drb.rb
 20% [108/515]   lib/erb.rb
 21% [109/515]   lib/fileutils.rb
 21% [110/515]   lib/find.rb
 21% [111/515]   lib/forwardable.rb
 21% [112/515]   lib/getoptlong.rb
 21% [113/515]   lib/gserver.rb
 22% [114/515]   lib/ipaddr.rb
 22% [115/515]   lib/irb/cmd/chws.rb
 22% [116/515]   lib/irb/cmd/fork.rb
 22% [117/515]   lib/irb/cmd/help.rb
 22% [118/515]   lib/irb/cmd/load.rb
 23% [119/515]   lib/irb/cmd/nop.rb
 23% [120/515]   lib/irb/cmd/pushws.rb
 23% [121/515]   lib/irb/cmd/subirb.rb
 23% [122/515]   lib/irb/completion.rb
 23% [123/515]   lib/irb/context.rb
 24% [124/515]   lib/irb/ext/change-ws.rb
 24% [125/515]   lib/irb/ext/history.rb
 24% [126/515]   lib/irb/ext/loader.rb
 24% [127/515]   lib/irb/ext/math-mode.rb
 24% [128/515]   lib/irb/ext/multi-irb.rb
 25% [129/515]   lib/irb/ext/save-history.rb
 25% [130/515]   lib/irb/ext/tracer.rb
 25% [131/515]   lib/irb/ext/use-loader.rb
 25% [132/515]   lib/irb/ext/workspaces.rb
 25% [133/515]   lib/irb/extend-command.rb
 26% [134/515]   lib/irb/frame.rb
 26% [135/515]   lib/irb/help.rb
 26% [136/515]   lib/irb/init.rb
 26% [137/515]   lib/irb/input-method.rb
 26% [138/515]   lib/irb/inspector.rb
 26% [139/515]   lib/irb/lc/error.rb
 27% [140/515]   lib/irb/lc/help-message
 27% [141/515]   lib/irb/lc/ja/encoding_aliases.rb
 27% [142/515]   lib/irb/lc/ja/error.rb
 27% [143/515]   lib/irb/lc/ja/help-message
 27% [144/515]   lib/irb/locale.rb
 28% [145/515]   lib/irb/magic-file.rb
 28% [146/515]   lib/irb/notifier.rb
 28% [147/515]   lib/irb/output-method.rb
 28% [148/515]   lib/irb/ruby-lex.rb
 28% [149/515]   lib/irb/ruby-token.rb
 29% [150/515]   lib/irb/slex.rb
 29% [151/515]   lib/irb/src_encoding.rb
 29% [152/515]   lib/irb/version.rb
 29% [153/515]   lib/irb/workspace.rb
 29% [154/515]   lib/irb/ws-for-case-2.rb
 30% [155/515]   lib/irb/xmp.rb
 30% [156/515]   lib/irb.rb
 30% [157/515]   lib/logger.rb
 30% [158/515]   lib/mathn.rb
 30% [159/515]   lib/matrix.rb
 31% [160/515]   lib/mkmf.rb
 31% [161/515]   lib/monitor.rb
 31% [162/515]   lib/mutex_m.rb
 31% [163/515]   lib/net/ftp.rb
 31% [164/515]   lib/net/http.rb
 32% [165/515]   lib/net/https.rb
 32% [166/515]   lib/net/imap.rb
 32% [167/515]   lib/net/pop.rb
 32% [168/515]   lib/net/smtp.rb
 32% [169/515]   lib/net/telnet.rb
 33% [170/515]   lib/observer.rb
 33% [171/515]   lib/open-uri.rb
 33% [172/515]   lib/open3.rb
 33% [173/515]   lib/optparse/date.rb
 33% [174/515]   lib/optparse/shellwords.rb
 33% [175/515]   lib/optparse/time.rb
 34% [176/515]   lib/optparse/uri.rb
 34% [177/515]   lib/optparse/version.rb
 34% [178/515]   lib/optparse.rb
 34% [179/515]   lib/ostruct.rb
 34% [180/515]   lib/pathname.rb
 35% [181/515]   lib/pp.rb
 35% [182/515]   lib/prettyprint.rb
 35% [183/515]   lib/prime.rb
 35% [184/515]   lib/profile.rb
 35% [185/515]   lib/profiler.rb
 36% [186/515]   lib/pstore.rb
 36% [187/515]   lib/racc/parser.rb
 36% [188/515]   lib/rational.rb
 36% [189/515]   lib/rdoc.rb
 36% [190/515]   lib/rdoc/alias.rb
 37% [191/515]   lib/rdoc/anon_class.rb
 37% [192/515]   lib/rdoc/any_method.rb
 37% [193/515]   lib/rdoc/attr.rb
 37% [194/515]   lib/rdoc/class_module.rb
 37% [195/515]   lib/rdoc/code_object.rb
 38% [196/515]   lib/rdoc/code_objects.rb
 38% [197/515]   lib/rdoc/constant.rb
 38% [198/515]   lib/rdoc/context.rb
 38% [199/515]   lib/rdoc/generator/darkfish.rb
 38% [200/515]   lib/rdoc/generator/markup.rb
 39% [201/515]   lib/rdoc/generator/ri.rb
 39% [202/515]   lib/rdoc/generator.rb
 39% [203/515]   lib/rdoc/ghost_method.rb
 39% [204/515]   lib/rdoc/include.rb
 39% [205/515]   lib/rdoc/known_classes.rb
 40% [206/515]   lib/rdoc/markup/attribute_manager.rb
 40% [207/515]   lib/rdoc/markup/blank_line.rb
 40% [208/515]   lib/rdoc/markup/document.rb
 40% [209/515]   lib/rdoc/markup/formatter.rb
 40% [210/515]   lib/rdoc/markup/formatter_test_case.rb
 40% [211/515]   lib/rdoc/markup/heading.rb
 41% [212/515]   lib/rdoc/markup/inline.rb
 41% [213/515]   lib/rdoc/markup/list.rb
 41% [214/515]   lib/rdoc/markup/list_item.rb
 41% [215/515]   lib/rdoc/markup/paragraph.rb
 41% [216/515]   lib/rdoc/markup/parser.rb
 42% [217/515]   lib/rdoc/markup/preprocess.rb
 42% [218/515]   lib/rdoc/markup/raw.rb
 42% [219/515]   lib/rdoc/markup/rule.rb
 42% [220/515]   lib/rdoc/markup/to_ansi.rb
 42% [221/515]   lib/rdoc/markup/to_bs.rb
 43% [222/515]   lib/rdoc/markup/to_html.rb
 43% [223/515]   lib/rdoc/markup/to_html_crossref.rb
 43% [224/515]   lib/rdoc/markup/to_rdoc.rb
 43% [225/515]   lib/rdoc/markup/to_test.rb
 43% [226/515]   lib/rdoc/markup/verbatim.rb
 44% [227/515]   lib/rdoc/markup.rb
 44% [228/515]   lib/rdoc/meta_method.rb
 44% [229/515]   lib/rdoc/normal_class.rb
 44% [230/515]   lib/rdoc/normal_module.rb
 44% [231/515]   lib/rdoc/options.rb
 45% [232/515]   lib/rdoc/parser/c.rb
 45% [233/515]   lib/rdoc/parser/perl.rb
 45% [234/515]   lib/rdoc/parser/ruby.rb
 45% [235/515]   lib/rdoc/parser/ruby_tools.rb
 45% [236/515]   lib/rdoc/parser/simple.rb
 46% [237/515]   lib/rdoc/parser.rb
 46% [238/515]   lib/rdoc/rdoc.rb
 46% [239/515]   lib/rdoc/require.rb
 46% [240/515]   lib/rdoc/ri/driver.rb
 46% [241/515]   lib/rdoc/ri/formatter.rb
 46% [242/515]   lib/rdoc/ri/paths.rb
 47% [243/515]   lib/rdoc/ri/store.rb
 47% [244/515]   lib/rdoc/ri.rb
 47% [245/515]   lib/rdoc/ruby_lex.rb
 47% [246/515]   lib/rdoc/ruby_token.rb
 47% [247/515]   lib/rdoc/single_class.rb
 48% [248/515]   lib/rdoc/stats.rb
 48% [249/515]   lib/rdoc/task.rb
 48% [250/515]   lib/rdoc/text.rb
 48% [251/515]   lib/rdoc/tokenstream.rb
 48% [252/515]   lib/rdoc/top_level.rb
 49% [253/515]   lib/resolv-replace.rb
 49% [254/515]   lib/resolv.rb
 49% [255/515]   lib/rexml/attlistdecl.rb
 49% [256/515]   lib/rexml/attribute.rb
 49% [257/515]   lib/rexml/cdata.rb
 50% [258/515]   lib/rexml/child.rb
 50% [259/515]   lib/rexml/comment.rb
 50% [260/515]   lib/rexml/doctype.rb
 50% [261/515]   lib/rexml/document.rb
 50% [262/515]   lib/rexml/dtd/attlistdecl.rb
 51% [263/515]   lib/rexml/dtd/dtd.rb
 51% [264/515]   lib/rexml/dtd/elementdecl.rb
 51% [265/515]   lib/rexml/dtd/entitydecl.rb
 51% [266/515]   lib/rexml/dtd/notationdecl.rb
 51% [267/515]   lib/rexml/element.rb
 52% [268/515]   lib/rexml/encoding.rb
 52% [269/515]   lib/rexml/encodings/CP-1252.rb
 52% [270/515]   lib/rexml/encodings/EUC-JP.rb
 52% [271/515]   lib/rexml/encodings/ICONV.rb
 52% [272/515]   lib/rexml/encodings/ISO-8859-1.rb
 53% [273/515]   lib/rexml/encodings/ISO-8859-15.rb
 53% [274/515]   lib/rexml/encodings/SHIFT-JIS.rb
 53% [275/515]   lib/rexml/encodings/SHIFT_JIS.rb
 53% [276/515]   lib/rexml/encodings/UNILE.rb
 53% [277/515]   lib/rexml/encodings/US-ASCII.rb
 53% [278/515]   lib/rexml/encodings/UTF-16.rb
 54% [279/515]   lib/rexml/encodings/UTF-8.rb
 54% [280/515]   lib/rexml/entity.rb
 54% [281/515]   lib/rexml/formatters/default.rb
 54% [282/515]   lib/rexml/formatters/pretty.rb
 54% [283/515]   lib/rexml/formatters/transitive.rb
 55% [284/515]   lib/rexml/functions.rb
 55% [285/515]   lib/rexml/instruction.rb
 55% [286/515]   lib/rexml/light/node.rb
 55% [287/515]   lib/rexml/namespace.rb
 55% [288/515]   lib/rexml/node.rb
 56% [289/515]   lib/rexml/output.rb
 56% [290/515]   lib/rexml/parent.rb
 56% [291/515]   lib/rexml/parseexception.rb
 56% [292/515]   lib/rexml/parsers/baseparser.rb
 56% [293/515]   lib/rexml/parsers/lightparser.rb
 57% [294/515]   lib/rexml/parsers/pullparser.rb
 57% [295/515]   lib/rexml/parsers/sax2parser.rb
 57% [296/515]   lib/rexml/parsers/streamparser.rb
 57% [297/515]   lib/rexml/parsers/treeparser.rb
 57% [298/515]   lib/rexml/parsers/ultralightparser.rb
 58% [299/515]   lib/rexml/parsers/xpathparser.rb
 58% [300/515]   lib/rexml/quickpath.rb
 58% [301/515]   lib/rexml/rexml.rb
 58% [302/515]   lib/rexml/sax2listener.rb
 58% [303/515]   lib/rexml/source.rb
 59% [304/515]   lib/rexml/streamlistener.rb
 59% [305/515]   lib/rexml/syncenumerator.rb
 59% [306/515]   lib/rexml/text.rb
 59% [307/515]   lib/rexml/undefinednamespaceexception.rb
 59% [308/515]   lib/rexml/validation/relaxng.rb
 60% [309/515]   lib/rexml/validation/validation.rb
 60% [310/515]   lib/rexml/validation/validationexception.rb
 60% [311/515]   lib/rexml/xmldecl.rb
 60% [312/515]   lib/rexml/xmltokens.rb
 60% [313/515]   lib/rexml/xpath.rb
 60% [314/515]   lib/rexml/xpath_parser.rb
 61% [315/515]   lib/rinda/rinda.rb
 61% [316/515]   lib/rinda/ring.rb
 61% [317/515]   lib/rinda/tuplespace.rb
 61% [318/515]   lib/rss/0.9.rb
 61% [319/515]   lib/rss/1.0.rb
 62% [320/515]   lib/rss/2.0.rb
 62% [321/515]   lib/rss/atom.rb
 62% [322/515]   lib/rss/content/1.0.rb
 62% [323/515]   lib/rss/content/2.0.rb
 62% [324/515]   lib/rss/content.rb
 63% [325/515]   lib/rss/converter.rb
 63% [326/515]   lib/rss/dublincore/1.0.rb
 63% [327/515]   lib/rss/dublincore/2.0.rb
 63% [328/515]   lib/rss/dublincore/atom.rb
 63% [329/515]   lib/rss/dublincore.rb
 64% [330/515]   lib/rss/image.rb
 64% [331/515]   lib/rss/itunes.rb
 64% [332/515]   lib/rss/maker/0.9.rb
 64% [333/515]   lib/rss/maker/1.0.rb
 64% [334/515]   lib/rss/maker/2.0.rb
 65% [335/515]   lib/rss/maker/atom.rb
 65% [336/515]   lib/rss/maker/base.rb
 65% [337/515]   lib/rss/maker/content.rb
 65% [338/515]   lib/rss/maker/dublincore.rb
 65% [339/515]   lib/rss/maker/entry.rb
 66% [340/515]   lib/rss/maker/feed.rb
 66% [341/515]   lib/rss/maker/image.rb
 66% [342/515]   lib/rss/maker/itunes.rb
 66% [343/515]   lib/rss/maker/slash.rb
 66% [344/515]   lib/rss/maker/syndication.rb
 66% [345/515]   lib/rss/maker/taxonomy.rb
 67% [346/515]   lib/rss/maker/trackback.rb
 67% [347/515]   lib/rss/maker.rb
 67% [348/515]   lib/rss/parser.rb
 67% [349/515]   lib/rss/rexmlparser.rb
 67% [350/515]   lib/rss/rss.rb
 68% [351/515]   lib/rss/slash.rb
 68% [352/515]   lib/rss/syndication.rb
 68% [353/515]   lib/rss/taxonomy.rb
 68% [354/515]   lib/rss/trackback.rb
 68% [355/515]   lib/rss/utils.rb
 69% [356/515]   lib/rss/xml-stylesheet.rb
 69% [357/515]   lib/rss/xml.rb
 69% [358/515]   lib/rss/xmlparser.rb
 69% [359/515]   lib/rss/xmlscanner.rb
 69% [360/515]   lib/rss.rb
 70% [361/515]   lib/scanf.rb
 70% [362/515]   lib/set.rb
 70% [363/515]   lib/shell/builtin-command.rb
 70% [364/515]   lib/shell/command-processor.rb
 70% [365/515]   lib/shell/error.rb
 71% [366/515]   lib/shell/filter.rb
 71% [367/515]   lib/shell/process-controller.rb
 71% [368/515]   lib/shell/system-command.rb
 71% [369/515]   lib/shell/version.rb
 71% [370/515]   lib/shell.rb
 72% [371/515]   lib/shellwords.rb
 72% [372/515]   lib/sync.rb
 72% [373/515]   lib/tempfile.rb
 72% [374/515]   lib/test/unit/assertions.rb
 72% [375/515]   lib/test/unit/testcase.rb
 73% [376/515]   lib/test/unit.rb
 73% [377/515]   lib/thread.rb
 73% [378/515]   lib/thwait.rb
 73% [379/515]   lib/time.rb
 73% [380/515]   lib/timeout.rb
 73% [381/515]   lib/tmpdir.rb
 74% [382/515]   lib/tracer.rb
 74% [383/515]   lib/tsort.rb
 74% [384/515]   lib/un.rb
 74% [385/515]   lib/uri/common.rb
 74% [386/515]   lib/uri/ftp.rb
 75% [387/515]   lib/uri/generic.rb
 75% [388/515]   lib/uri/http.rb
 75% [389/515]   lib/uri/https.rb
 75% [390/515]   lib/uri/ldap.rb
 75% [391/515]   lib/uri/mailto.rb
 76% [392/515]   lib/uri.rb
 76% [393/515]   lib/weakref.rb
 76% [394/515]   lib/webrick/accesslog.rb
 76% [395/515]   lib/webrick/cgi.rb
 76% [396/515]   lib/webrick/compat.rb
 77% [397/515]   lib/webrick/config.rb
 77% [398/515]   lib/webrick/cookie.rb
 77% [399/515]   lib/webrick/htmlutils.rb
 77% [400/515]   lib/webrick/httpauth/authenticator.rb
 77% [401/515]   lib/webrick/httpauth/basicauth.rb
 78% [402/515]   lib/webrick/httpauth/digestauth.rb
 78% [403/515]   lib/webrick/httpauth/htdigest.rb
 78% [404/515]   lib/webrick/httpauth/htgroup.rb
 78% [405/515]   lib/webrick/httpauth/htpasswd.rb
 78% [406/515]   lib/webrick/httpauth/userdb.rb
 79% [407/515]   lib/webrick/httpauth.rb
 79% [408/515]   lib/webrick/httpproxy.rb
 79% [409/515]   lib/webrick/httprequest.rb
 79% [410/515]   lib/webrick/httpresponse.rb
 79% [411/515]   lib/webrick/https.rb
 80% [412/515]   lib/webrick/httpserver.rb
 80% [413/515]   lib/webrick/httpservlet/abstract.rb
 80% [414/515]   lib/webrick/httpservlet/cgi_runner.rb
 80% [415/515]   lib/webrick/httpservlet/cgihandler.rb
 80% [416/515]   lib/webrick/httpservlet/erbhandler.rb
 80% [417/515]   lib/webrick/httpservlet/filehandler.rb
 81% [418/515]   lib/webrick/httpservlet/prochandler.rb
 81% [419/515]   lib/webrick/httpservlet.rb
 81% [420/515]   lib/webrick/httpstatus.rb
 81% [421/515]   lib/webrick/httputils.rb
 81% [422/515]   lib/webrick/httpversion.rb
 82% [423/515]   lib/webrick/log.rb
 82% [424/515]   lib/webrick/server.rb
 82% [425/515]   lib/webrick/ssl.rb
 82% [426/515]   lib/webrick/utils.rb
 82% [427/515]   lib/webrick/version.rb
 83% [428/515]   lib/webrick.rb
 83% [429/515]   lib/xmlrpc/README.rdoc
 83% [430/515]   lib/yaml/dbm.rb
 83% [431/515]   lib/yaml/store.rb
 83% [432/515]   lib/yaml.rb
 84% [433/515]   ext/bigdecimal/bigdecimal.c
 84% [434/515]   ext/bigdecimal/lib/bigdecimal/jacobian.rb
 84% [435/515]   ext/bigdecimal/lib/bigdecimal/ludcmp.rb
 84% [436/515]   ext/bigdecimal/lib/bigdecimal/math.rb
 84% [437/515]   ext/bigdecimal/lib/bigdecimal/newton.rb
 85% [438/515]   ext/bigdecimal/lib/bigdecimal/util.rb
 85% [439/515]   ext/coverage/coverage.c
 85% [440/515]   ext/digest/digest.c
 85% [441/515]   ext/etc/etc.c
 85% [442/515]   ext/fcntl/fcntl.c
 86% [443/515]   ext/gdbm/gdbm.c
 86% [444/515]   ext/iconv/iconv.c
 86% [445/515]   ext/io/wait/wait.c
 86% [446/515]   ext/json/lib/json/add/core.rb
 86% [447/515]   ext/json/lib/json/add/rails.rb
 86% [448/515]   ext/json/lib/json/common.rb
 87% [449/515]   ext/json/lib/json/editor.rb
 87% [450/515]   ext/json/lib/json/ext.rb
 87% [451/515]   ext/json/lib/json/version.rb
 87% [452/515]   ext/json/lib/json.rb
 87% [453/515]   ext/nkf/lib/kconv.rb
 88% [454/515]   ext/nkf/nkf.c
 88% [455/515]   ext/objspace/objspace.c
 88% [456/515]   ext/openssl/ossl.c
 88% [457/515]   ext/openssl/ossl_asn1.c
 88% [458/515]   ext/openssl/ossl_bn.c
 89% [459/515]   ext/openssl/ossl_cipher.c
 89% [460/515]   ext/openssl/ossl_config.c
 89% [461/515]   ext/openssl/ossl_digest.c
 89% [462/515]   ext/openssl/ossl_engine.c
 89% [463/515]   ext/openssl/ossl_hmac.c
 90% [464/515]   ext/openssl/ossl_ns_spki.c
 90% [465/515]   ext/openssl/ossl_ocsp.c
 90% [466/515]   ext/openssl/ossl_pkcs5.c
 90% [467/515]   ext/openssl/ossl_pkcs7.c
 90% [468/515]   ext/openssl/ossl_pkcs12.c
 91% [469/515]   ext/openssl/ossl_pkey.c
 91% [470/515]   ext/openssl/ossl_pkey_dh.c
 91% [471/515]   ext/openssl/ossl_pkey_dsa.c
 91% [472/515]   ext/openssl/ossl_pkey_ec.c
 91% [473/515]   ext/openssl/ossl_pkey_rsa.c
 92% [474/515]   ext/openssl/ossl_rand.c
 92% [475/515]   ext/openssl/ossl_ssl.c
 92% [476/515]   ext/openssl/ossl_ssl_session.c
 92% [477/515]   ext/openssl/ossl_x509.c
 92% [478/515]   ext/openssl/ossl_x509attr.c
 93% [479/515]   ext/openssl/ossl_x509cert.c
 93% [480/515]   ext/openssl/ossl_x509crl.c
 93% [481/515]   ext/openssl/ossl_x509ext.c
 93% [482/515]   ext/openssl/ossl_x509name.c
 93% [483/515]   ext/openssl/ossl_x509req.c
 93% [484/515]   ext/openssl/ossl_x509revoked.c
 94% [485/515]   ext/openssl/ossl_x509store.c
 94% [486/515]   ext/openssl/lib/openssl/buffering.rb
 94% [487/515]   ext/pty/pty.c
 94% [488/515]   ext/pty/lib/expect.rb
 94% [489/515]   ext/readline/readline.c
 95% [490/515]   ext/ripper/ripper.c
 95% [491/515]   ext/ripper/lib/ripper/core.rb
 95% [492/515]   ext/ripper/lib/ripper/filter.rb
 95% [493/515]   ext/ripper/lib/ripper/lexer.rb
 95% [494/515]   ext/ripper/lib/ripper/sexp.rb
 96% [495/515]   ext/ripper/lib/ripper.rb
 96% [496/515]   ext/socket/init.c
 96% [497/515]   ext/socket/raddrinfo.c
 96% [498/515]   ext/socket/basicsocket.c
 96% [499/515]   ext/socket/ipsocket.c
 97% [500/515]   ext/socket/tcpsocket.c
 97% [501/515]   ext/socket/tcpserver.c
 97% [502/515]   ext/socket/sockssocket.c
 97% [503/515]   ext/socket/udpsocket.c
 97% [504/515]   ext/socket/unixsocket.c
 98% [505/515]   ext/socket/unixserver.c
 98% [506/515]   ext/socket/socket.c
 98% [507/515]   ext/socket/option.c
 98% [508/515]   ext/socket/ancdata.c
 98% [509/515]   ext/socket/constants.c
 99% [510/515]   ext/socket/constdefs.c
 99% [511/515]   ext/socket/lib/socket.rb
 99% [512/515]   ext/stringio/stringio.c
 99% [513/515]   ext/strscan/strscan.c
 99% [514/515]   ext/zlib/zlib.c
100% [515/515]   doc/re.rdoc


Files:       515
Classes:    1088 (  654 undocumented)
Constants:  1364 ( 1141 undocumented)
Modules:     251 (  147 undocumented)
Methods:    7645 ( 2873 undocumented)
 53.47% documented

Elapsed: 90.0s
./miniruby -I./lib -I.ext/common -I./- -r./ext/purelib.rb  ./tool/rbinstall.rb --make="make" --dest-dir="" --extout=".ext" --mflags="" --make-flags="" --data-mode=0644 --prog-mode=0755 --installed-list .installed.list --install=all --rdoc-output=".ext/rdoc"
installing binary commands:   /Users/jesseguzman/.rvm/rubies/ruby-1.9.2-p0/bin
installing base libraries:    /Users/jesseguzman/.rvm/rubies/ruby-1.9.2-p0/lib
installing arch files:        /Users/jesseguzman/.rvm/rubies/ruby-1.9.2-p0/lib/ruby/1.9.1/x86_64-darwin10.4.0
installing extension objects: /Users/jesseguzman/.rvm/rubies/ruby-1.9.2-p0/lib/ruby/1.9.1/x86_64-darwin10.4.0
installing extension objects: /Users/jesseguzman/.rvm/rubies/ruby-1.9.2-p0/lib/ruby/site_ruby/1.9.1/x86_64-darwin10.4.0
installing extension objects: /Users/jesseguzman/.rvm/rubies/ruby-1.9.2-p0/lib/ruby/vendor_ruby/1.9.1/x86_64-darwin10.4.0
installing extension headers: /Users/jesseguzman/.rvm/rubies/ruby-1.9.2-p0/include/ruby-1.9.1/x86_64-darwin10.4.0
installing extension scripts: /Users/jesseguzman/.rvm/rubies/ruby-1.9.2-p0/lib/ruby/1.9.1
installing extension scripts: /Users/jesseguzman/.rvm/rubies/ruby-1.9.2-p0/lib/ruby/site_ruby/1.9.1
installing extension scripts: /Users/jesseguzman/.rvm/rubies/ruby-1.9.2-p0/lib/ruby/vendor_ruby/1.9.1
installing extension headers: /Users/jesseguzman/.rvm/rubies/ruby-1.9.2-p0/include/ruby-1.9.1/ruby
installing rdoc:              /Users/jesseguzman/.rvm/rubies/ruby-1.9.2-p0/share/ri/1.9.1/system
installing capi-docs:         /Users/jesseguzman/.rvm/rubies/ruby-1.9.2-p0/share/doc/ruby
installing command scripts:   /Users/jesseguzman/.rvm/rubies/ruby-1.9.2-p0/bin
installing library scripts:   /Users/jesseguzman/.rvm/rubies/ruby-1.9.2-p0/lib/ruby/1.9.1
installing common headers:    /Users/jesseguzman/.rvm/rubies/ruby-1.9.2-p0/include/ruby-1.9.1
installing manpages:          /Users/jesseguzman/.rvm/rubies/ruby-1.9.2-p0/share/man/man1
installing default gems:      /Users/jesseguzman/.rvm/rubies/ruby-1.9.2-p0/lib/ruby/gems/1.9.1 (cache, doc, gems, specifications)
                              rake 0.8.7
                              rdoc 2.5.8
                              minitest 1.6.0
